<?xml version="1.0" encoding="UTF-8" ?>
<testsuite tests="5" failures="0" name="ec.edu.epn.git.calculator.CalculatorTest" time="0.107" errors="0" skipped="0">
  <properties>
    <property name="idea.version" value="2022.3"/>
    <property name="java.runtime.name" value="OpenJDK Runtime Environment"/>
    <property name="sun.boot.library.path" value="C:\Users\USUARIO\.jdks\corretto-1.8.0_282\jre\bin"/>
    <property name="java.vm.version" value="25.282-b08"/>
    <property name="java.vm.vendor" value="Amazon.com Inc."/>
    <property name="maven.multiModuleProjectDirectory" value="C:\Users\USUARIO\IdeaProjects\6 semestre\calculator-git"/>
    <property name="java.vendor.url" value="https://aws.amazon.com/corretto/"/>
    <property name="path.separator" value=";"/>
    <property name="guice.disable.misplaced.annotation.check" value="true"/>
    <property name="java.vm.name" value="OpenJDK 64-Bit Server VM"/>
    <property name="file.encoding.pkg" value="sun.io"/>
    <property name="user.script" value=""/>
    <property name="user.country" value="419"/>
    <property name="sun.java.launcher" value="SUN_STANDARD"/>
    <property name="sun.os.patch.level" value=""/>
    <property name="java.vm.specification.name" value="Java Virtual Machine Specification"/>
    <property name="user.dir" value="C:\Users\USUARIO\IdeaProjects\6 semestre\calculator-git"/>
    <property name="java.runtime.version" value="1.8.0_282-b08"/>
    <property name="java.awt.graphicsenv" value="sun.awt.Win32GraphicsEnvironment"/>
    <property name="java.endorsed.dirs" value="C:\Users\USUARIO\.jdks\corretto-1.8.0_282\jre\lib\endorsed"/>
    <property name="os.arch" value="amd64"/>
    <property name="java.io.tmpdir" value="C:\Users\USUARIO\AppData\Local\Temp\"/>
    <property name="line.separator" value="
"/>
    <property name="java.vm.specification.vendor" value="Oracle Corporation"/>
    <property name="user.variant" value=""/>
    <property name="os.name" value="Windows 10"/>
    <property name="maven.ext.class.path" value="C:\Users\USUARIO\AppData\Local\JetBrains\Toolbox\apps\IDEA-U\ch-0\223.7571.182\plugins\maven\lib\maven-event-listener.jar"/>
    <property name="classworlds.conf" value="C:\Users\USUARIO\AppData\Local\JetBrains\Toolbox\apps\IDEA-U\ch-0\223.7571.182\plugins\maven\lib\maven3\bin\m2.conf"/>
    <property name="sun.jnu.encoding" value="Cp1252"/>
    <property name="java.library.path" value="C:\Users\USUARIO\.jdks\corretto-1.8.0_282\bin;C:\WINDOWS\Sun\Java\bin;C:\WINDOWS\system32;C:\WINDOWS;C:\app\ferjozsot\virtual\product\12.2.0\dbhome_1\bin;C:\Program Files\Common Files\Oracle\Java\javapath;C:\Program Files (x86)\Common Files\Oracle\Java\javapath;C:\Program Files\Java\jdk-14.0.1\bin;C:\Windows\system32;C:\Windows;C:\Windows\System32\Wbem;C:\Windows\System32\WindowsPowerShell\v1.0\;C:\Windows\System32\OpenSSH\;C:\Program Files\Microsoft VS Code\bin;C:\WINDOWS\system32;C:\WINDOWS;C:\WINDOWS\System32\Wbem;C:\WINDOWS\System32\WindowsPowerShell\v1.0\;C:\WINDOWS\System32\OpenSSH\;C:\Program Files\Go\bin;C:\Users\USUARIO\go\bin;C:\Program Files\nodejs\;C:\Program Files\dotnet\;C:\Program Files\Git\cmd;C:\Program Files\Docker\Docker\resources\bin;C:\Users\USUARIO\AppData\Local\Programs\Python\Python38-32\Scripts\;C:\Users\USUARIO\AppData\Local\Programs\Python\Python38-32\;C:\Users\USUARIO\AppData\Local\Microsoft\WindowsApps;C:\Users\USUARIO\AppData\Local\Microsoft\WindowsApps;C:\Program Files\heroku\bin;C:\Users\USUARIO\AppData\Roaming\npm;C:\Users\USUARIO\AppData\Local\JetBrains\Toolbox\scripts;."/>
    <property name="jansi.passthrough" value="true"/>
    <property name="maven.conf" value="C:\Users\USUARIO\AppData\Local\JetBrains\Toolbox\apps\IDEA-U\ch-0\223.7571.182\plugins\maven\lib\maven3/conf"/>
    <property name="java.specification.name" value="Java Platform API Specification"/>
    <property name="java.class.version" value="52.0"/>
    <property name="sun.management.compiler" value="HotSpot 64-Bit Tiered Compilers"/>
    <property name="os.version" value="10.0"/>
    <property name="user.home" value="C:\Users\USUARIO"/>
    <property name="user.timezone" value="America/Bogota"/>
    <property name="java.awt.printerjob" value="sun.awt.windows.WPrinterJob"/>
    <property name="java.specification.version" value="1.8"/>
    <property name="file.encoding" value="UTF-8"/>
    <property name="user.name" value="ferjozsot"/>
    <property name="java.class.path" value="C:\Users\USUARIO\AppData\Local\JetBrains\Toolbox\apps\IDEA-U\ch-0\223.7571.182\plugins\maven\lib\maven3\boot\plexus-classworlds-2.6.0.jar;C:\Users\USUARIO\AppData\Local\JetBrains\Toolbox\apps\IDEA-U\ch-0\223.7571.182\plugins\maven\lib\maven3\boot\plexus-classworlds.license;C:\Users\USUARIO\AppData\Local\JetBrains\Toolbox\apps\IDEA-U\ch-0\223.7571.182\lib\idea_rt.jar"/>
    <property name="java.vm.specification.version" value="1.8"/>
    <property name="sun.arch.data.model" value="64"/>
    <property name="java.home" value="C:\Users\USUARIO\.jdks\corretto-1.8.0_282\jre"/>
    <property name="sun.java.command" value="org.codehaus.classworlds.Launcher -Didea.version=2022.3 package"/>
    <property name="java.specification.vendor" value="Oracle Corporation"/>
    <property name="user.language" value="es"/>
    <property name="awt.toolkit" value="sun.awt.windows.WToolkit"/>
    <property name="java.vm.info" value="mixed mode"/>
    <property name="java.version" value="1.8.0_282"/>
    <property name="java.ext.dirs" value="C:\Users\USUARIO\.jdks\corretto-1.8.0_282\jre\lib\ext;C:\WINDOWS\Sun\Java\lib\ext"/>
    <property name="sun.boot.class.path" value="C:\Users\USUARIO\.jdks\corretto-1.8.0_282\jre\lib\resources.jar;C:\Users\USUARIO\.jdks\corretto-1.8.0_282\jre\lib\rt.jar;C:\Users\USUARIO\.jdks\corretto-1.8.0_282\jre\lib\sunrsasign.jar;C:\Users\USUARIO\.jdks\corretto-1.8.0_282\jre\lib\jsse.jar;C:\Users\USUARIO\.jdks\corretto-1.8.0_282\jre\lib\jce.jar;C:\Users\USUARIO\.jdks\corretto-1.8.0_282\jre\lib\charsets.jar;C:\Users\USUARIO\.jdks\corretto-1.8.0_282\jre\lib\jfr.jar;C:\Users\USUARIO\.jdks\corretto-1.8.0_282\jre\classes"/>
    <property name="java.vendor" value="Amazon.com Inc."/>
    <property name="maven.home" value="C:\Users\USUARIO\AppData\Local\JetBrains\Toolbox\apps\IDEA-U\ch-0\223.7571.182\plugins\maven\lib\maven3"/>
    <property name="file.separator" value="\"/>
    <property name="java.vendor.url.bug" value="https://github.com/corretto/corretto-8/issues/"/>
    <property name="sun.cpu.endian" value="little"/>
    <property name="sun.io.unicode.encoding" value="UnicodeLittle"/>
    <property name="sun.desktop" value="windows"/>
    <property name="sun.cpu.isalist" value="amd64"/>
  </properties>
  <testcase classname="ec.edu.epn.git.calculator.CalculatorTest" name="given_two_integers_when_add_then_ok" time="0"/>
  <testcase classname="ec.edu.epn.git.calculator.CalculatorTest" name="given_two_other_integers_when_multiplicacion_then_ok" time="0"/>
  <testcase classname="ec.edu.epn.git.calculator.CalculatorTest" name="given_two_integers_when_subtraction_then_ok" time="0"/>
  <testcase classname="ec.edu.epn.git.calculator.CalculatorTest" name="given_two_integers_when_subtracction_then_ok" time="0"/>
  <testcase classname="ec.edu.epn.git.calculator.CalculatorTest" name="given_a_time_when_timeout_then_exception" time="0.107"/>
</testsuite>